<?xml version="1.0" encoding="UTF-8"?>
<testng-results ignored="0" total="1" passed="1" failed="0" skipped="0">
  <reporter-output>
  </reporter-output>
  <suite started-at="2024-03-08T23:10:00 CET" name="Default suite" finished-at="2024-03-08T23:10:10 CET" duration-ms="10399">
    <groups>
    </groups>
    <test started-at="2024-03-08T23:10:00 CET" name="Default test" finished-at="2024-03-08T23:10:10 CET" duration-ms="10399">
      <class name="testCases.FileUploadDemo2">
        <test-method is-config="true" signature="setup()[pri:0, instance:testCases.FileUploadDemo2@229c6181]" started-at="2024-03-08T23:10:00 CET" name="setup" finished-at="2024-03-08T23:10:06 CET" duration-ms="6300" status="PASS">
          <reporter-output>
          </reporter-output>
        </test-method> <!-- setup -->
        <test-method signature="fileUploadtest()[pri:0, instance:testCases.FileUploadDemo2@229c6181]" started-at="2024-03-08T23:10:06 CET" name="fileUploadtest" finished-at="2024-03-08T23:10:10 CET" duration-ms="3972" status="PASS">
          <reporter-output>
          </reporter-output>
        </test-method> <!-- fileUploadtest -->
        <test-method is-config="true" signature="tearDown()[pri:0, instance:testCases.FileUploadDemo2@229c6181]" started-at="2024-03-08T23:10:10 CET" name="tearDown" finished-at="2024-03-08T23:10:10 CET" duration-ms="2" status="PASS">
          <reporter-output>
          </reporter-output>
        </test-method> <!-- tearDown -->
      </class> <!-- testCases.FileUploadDemo2 -->
    </test> <!-- Default test -->
  </suite> <!-- Default suite -->
</testng-results>
